-------------------------------------------------------------- 
Google Chrome installation log: 
 
NRLinux-PC: Installed
LinuxVM2: Offline 
DESKTOP-L106619: Installed  
 
Started: 2024-04-14 01:28 AM 
Completed: 2024-04-14 01:29 AM 
 
-------------------------------------------------------------- 
Google Chrome installation log: 
 
DESKTOP-L106619: Installed 
 
Started: 2024-04-14 02:14 PM 
Completed: 2024-04-14 02:14 PM 
-------------------------------------------------------------- 
Google Chrome installation log: 
 
DESKTOP-L106619: Installed 
 
Started: 2024-04-14 02:14 PM 
Completed: 2024-04-14 02:15 PM 
-------------------------------------------------------------- 
Google Chrome installation log: 
 
DESKTOP-L106619: Installed 
 
Started: 2024-04-14 03:22 PM 
Completed: 2024-04-14 03:22 PM 
